<?xml version="1.0" encoding="UTF-8"?>
<!-- Generated by org.testng.reporters.JUnitReportReporter -->
<testsuite hostname="LT158" failures="0" tests="1" name="test.practice.BaseClass" time="46.046" errors="0" timestamp="2021-08-06T18:01:49 IST" skipped="0">
  <testcase classname="test.practice.BaseClass" name="test" time="46.046"/>
  <system-out/>
</testsuite> <!-- test.practice.BaseClass -->
