<?xml version="1.0" encoding="UTF-8"?>
<!-- Generated by org.testng.reporters.JUnitReportReporter -->
<testsuite hostname="LT158" failures="0" tests="1" name="test.practice.Sample" time="11.486" errors="0" timestamp="2021-08-10T12:37:46 IST" skipped="0">
  <testcase classname="test.practice.Sample" name="test" time="11.486"/>
  <system-out/>
</testsuite> <!-- test.practice.Sample -->
